<?xml version="1.0" encoding="UTF-8"?>
<testsuite xmlns:xsi="http://www.w3.org/2001/XMLSchema-instance" xsi:noNamespaceSchemaLocation="https://maven.apache.org/surefire/maven-surefire-plugin/xsd/surefire-test-report.xsd" version="3.0.2" name="app.controller.PersonControllerTest" time="2.877" tests="7" errors="0" skipped="0" failures="0">
  <properties>
[...]
</properties>
  <testcase name="testGetPerson_NotFound" classname="app.controller.PersonControllerTest" time="0.371">
    <system-out><![CDATA[2025-11-22T23:45:23.604+01:00  INFO 42660 --- [           main] t.c.s.AnnotationConfigContextLoaderUtils : Could not detect default configuration classes for test class [app.controller.PersonControllerTest]: PersonControllerTest does not declare any static, non-private, non-final, nested classes annotated with @Configuration.
2025-11-22T23:45:23.624+01:00  INFO 42660 --- [           main] .b.t.c.SpringBootTestContextBootstrapper : Found @SpringBootConfiguration app.Starter for test class app.controller.PersonControllerTest
2025-11-22T23:45:23.637+01:00  INFO 42660 --- [           main] o.s.b.d.r.RestartApplicationListener     : Restart disabled due to context in which it is running

  .   ____          _            __ _ _
 /\\ / ___'_ __ _ _(_)_ __  __ _ \ \ \ \
( ( )\___ | '_ | '_| | '_ \/ _` | \ \ \ \
 \\/  ___)| |_)| | | | | || (_| |  ) ) ) )
  '  |____| .__|_| |_|_| |_\__, | / / / /
 =========|_|==============|___/=/_/_/_/

 :: Spring Boot ::                (v3.5.5)

2025-11-22T23:45:23.682+01:00  INFO 42660 --- [           main] app.controller.PersonControllerTest      : Starting PersonControllerTest using Java 22 with PID 42660 (started by rasam in C:\Users\rasam\IdeaProjects\projet-gestion-cv)
2025-11-22T23:45:23.682+01:00  INFO 42660 --- [           main] app.controller.PersonControllerTest      : The following 1 profile is active: "open"
2025-11-22T23:45:24.024+01:00  INFO 42660 --- [           main] .s.d.r.c.RepositoryConfigurationDelegate : Bootstrapping Spring Data JPA repositories in DEFAULT mode.
2025-11-22T23:45:24.050+01:00  INFO 42660 --- [           main] .s.d.r.c.RepositoryConfigurationDelegate : Finished Spring Data repository scanning in 23 ms. Found 2 JPA repository interfaces.
2025-11-22T23:45:24.532+01:00  INFO 42660 --- [           main] com.zaxxer.hikari.HikariDataSource       : HikariPool-3 - Starting...
2025-11-22T23:45:24.533+01:00  WARN 42660 --- [           main] c.zaxxer.hikari.util.DriverDataSource    : Registered driver with driverClassName=org.hsqldb.jdbcDriver was not found, trying direct instantiation.
2025-11-22T23:45:24.534+01:00  INFO 42660 --- [           main] com.zaxxer.hikari.pool.PoolBase          : HikariPool-3 - Driver does not support get/set network timeout for connections. (feature not supported)
2025-11-22T23:45:24.535+01:00  INFO 42660 --- [           main] com.zaxxer.hikari.pool.HikariPool        : HikariPool-3 - Added connection org.hsqldb.jdbc.JDBCConnection@5046f0b3
2025-11-22T23:45:24.535+01:00  INFO 42660 --- [           main] com.zaxxer.hikari.HikariDataSource       : HikariPool-3 - Start completed.
2025-11-22T23:45:24.537+01:00  INFO 42660 --- [           main] o.hibernate.jpa.internal.util.LogHelper  : HHH000204: Processing PersistenceUnitInfo [name: default]
2025-11-22T23:45:24.544+01:00  INFO 42660 --- [           main] o.h.c.internal.RegionFactoryInitiator    : HHH000026: Second-level cache disabled
2025-11-22T23:45:24.564+01:00  INFO 42660 --- [           main] o.s.o.j.p.SpringPersistenceUnitInfo      : No LoadTimeWeaver setup: ignoring JPA class transformer
2025-11-22T23:45:24.567+01:00  INFO 42660 --- [           main] org.hibernate.orm.connections.pooling    : HHH10001005: Database info:
	Database JDBC URL [Connecting through datasource 'HikariDataSource (HikariPool-3)']
	Database driver: undefined/unknown
	Database version: 2.7.3
	Autocommit mode: undefined/unknown
	Isolation level: undefined/unknown
	Minimum pool size: undefined/unknown
	Maximum pool size: undefined/unknown
2025-11-22T23:45:24.658+01:00  INFO 42660 --- [           main] o.h.e.t.j.p.i.JtaPlatformInitiator       : HHH000489: No JTA platform available (set 'hibernate.transaction.jta.platform' to enable JTA platform integration)
2025-11-22T23:45:24.667+01:00  INFO 42660 --- [           main] j.LocalContainerEntityManagerFactoryBean : Initialized JPA EntityManagerFactory for persistence unit 'default'
2025-11-22T23:45:24.757+01:00  INFO 42660 --- [           main] a.s.SpringSecurityOpen$$SpringCGLIB$$0   : +++ SPRING SECURITY OPEN
2025-11-22T23:45:24.806+01:00  WARN 42660 --- [           main] JpaBaseConfiguration$JpaWebConfiguration : spring.jpa.open-in-view is enabled by default. Therefore, database queries may be performed during view rendering. Explicitly configure spring.jpa.open-in-view to disable this warning
2025-11-22T23:45:24.916+01:00  WARN 42660 --- [           main] .s.s.UserDetailsServiceAutoConfiguration : 

Using generated security password: 91a9c235-b967-4317-8dfa-d800903eb22a

This generated password is for development use only. Your security configuration must be updated before running your application in production.

2025-11-22T23:45:24.919+01:00  INFO 42660 --- [           main] r$InitializeUserDetailsManagerConfigurer : Global AuthenticationManager configured with UserDetailsService bean with name inMemoryUserDetailsManager
2025-11-22T23:45:25.094+01:00  INFO 42660 --- [           main] o.s.b.t.m.w.SpringBootMockServletContext : Initializing Spring TestDispatcherServlet ''
2025-11-22T23:45:25.094+01:00  INFO 42660 --- [           main] o.s.t.web.servlet.TestDispatcherServlet  : Initializing Servlet ''
2025-11-22T23:45:25.095+01:00  INFO 42660 --- [           main] o.s.t.web.servlet.TestDispatcherServlet  : Completed initialization in 1 ms
2025-11-22T23:45:25.130+01:00  INFO 42660 --- [           main] app.controller.PersonControllerTest      : Started PersonControllerTest in 1.495 seconds (process running for 53.501)
]]></system-out>
  </testcase>
  <testcase name="testGetPersonById" classname="app.controller.PersonControllerTest" time="0.026"/>
  <testcase name="testCreatePerson" classname="app.controller.PersonControllerTest" time="0.411"/>
  <testcase name="testSearchPersons" classname="app.controller.PersonControllerTest" time="0.106">
    <system-out><![CDATA[Délai de traitement de requete : 0.049 sec.
2025-11-22T23:45:26.024+01:00  WARN 42660 --- [           main] ration$PageModule$WarningLoggingModifier : Serializing PageImpl instances as-is is not supported, meaning that there is no guarantee about the stability of the resulting JSON structure!
	For a stable JSON structure, please use Spring Data's PagedModel (globally via @EnableSpringDataWebSupport(pageSerializationMode = VIA_DTO))
	or Spring HATEOAS and Spring Data's PagedResourcesAssembler as documented in https://docs.spring.io/spring-data/commons/reference/repositories/core-extensions.html#core.web.pageables.

]]></system-out>
  </testcase>
  <testcase name="testUpdateProfile" classname="app.controller.PersonControllerTest" time="0.345"/>
  <testcase name="testDeletePerson" classname="app.controller.PersonControllerTest" time="0.047"/>
  <testcase name="testSearchPersons_NoResult" classname="app.controller.PersonControllerTest" time="0.026">
    <system-out><![CDATA[Délai de traitement de requete : 0.007 sec.
]]></system-out>
  </testcase>
</testsuite>