<?xml version="1.0" encoding="UTF-8"?>
<testsuite xmlns:xsi="http://www.w3.org/2001/XMLSchema-instance" xsi:noNamespaceSchemaLocation="https://maven.apache.org/surefire/maven-surefire-plugin/xsd/surefire-test-report.xsd" version="3.0.2" name="app.controller.ActivityControllerTest" time="12.29" tests="10" errors="0" skipped="0" failures="0">
  <properties>
[...]
</properties>
  <testcase name="testCreateActivity_ShouldFail_BadRequest" classname="app.controller.ActivityControllerTest" time="1.267">
    <system-out><![CDATA[23:44:33.482 [main] INFO org.springframework.test.context.support.AnnotationConfigContextLoaderUtils -- Could not detect default configuration classes for test class [app.controller.ActivityControllerTest]: ActivityControllerTest does not declare any static, non-private, non-final, nested classes annotated with @Configuration.
23:44:33.766 [main] INFO org.springframework.boot.test.context.SpringBootTestContextBootstrapper -- Found @SpringBootConfiguration app.Starter for test class app.controller.ActivityControllerTest
23:44:33.972 [main] INFO org.springframework.boot.devtools.restart.RestartApplicationListener -- Restart disabled due to context in which it is running

  .   ____          _            __ _ _
 /\\ / ___'_ __ _ _(_)_ __  __ _ \ \ \ \
( ( )\___ | '_ | '_| | '_ \/ _` | \ \ \ \
 \\/  ___)| |_)| | | | | || (_| |  ) ) ) )
  '  |____| .__|_| |_|_| |_\__, | / / / /
 =========|_|==============|___/=/_/_/_/

 :: Spring Boot ::                (v3.5.5)

2025-11-22T23:44:34.458+01:00  INFO 42660 --- [           main] app.controller.ActivityControllerTest    : Starting ActivityControllerTest using Java 22 with PID 42660 (started by rasam in C:\Users\rasam\IdeaProjects\projet-gestion-cv)
2025-11-22T23:44:34.460+01:00  INFO 42660 --- [           main] app.controller.ActivityControllerTest    : The following 1 profile is active: "open"
2025-11-22T23:44:35.354+01:00  INFO 42660 --- [           main] .s.d.r.c.RepositoryConfigurationDelegate : Bootstrapping Spring Data JPA repositories in DEFAULT mode.
2025-11-22T23:44:35.489+01:00  INFO 42660 --- [           main] .s.d.r.c.RepositoryConfigurationDelegate : Finished Spring Data repository scanning in 125 ms. Found 2 JPA repository interfaces.
2025-11-22T23:44:36.976+01:00  INFO 42660 --- [           main] com.zaxxer.hikari.HikariDataSource       : HikariPool-1 - Starting...
2025-11-22T23:44:37.010+01:00  WARN 42660 --- [           main] c.zaxxer.hikari.util.DriverDataSource    : Registered driver with driverClassName=org.hsqldb.jdbcDriver was not found, trying direct instantiation.
2025-11-22T23:44:37.450+01:00  INFO 42660 --- [           main] com.zaxxer.hikari.pool.PoolBase          : HikariPool-1 - Driver does not support get/set network timeout for connections. (feature not supported)
2025-11-22T23:44:37.451+01:00  INFO 42660 --- [           main] com.zaxxer.hikari.pool.HikariPool        : HikariPool-1 - Added connection org.hsqldb.jdbc.JDBCConnection@65a48cab
2025-11-22T23:44:37.453+01:00  INFO 42660 --- [           main] com.zaxxer.hikari.HikariDataSource       : HikariPool-1 - Start completed.
2025-11-22T23:44:37.516+01:00  INFO 42660 --- [           main] o.hibernate.jpa.internal.util.LogHelper  : HHH000204: Processing PersistenceUnitInfo [name: default]
2025-11-22T23:44:37.592+01:00  INFO 42660 --- [           main] org.hibernate.Version                    : HHH000412: Hibernate ORM core version 6.6.26.Final
2025-11-22T23:44:37.628+01:00  INFO 42660 --- [           main] o.h.c.internal.RegionFactoryInitiator    : HHH000026: Second-level cache disabled
2025-11-22T23:44:37.960+01:00  INFO 42660 --- [           main] o.s.o.j.p.SpringPersistenceUnitInfo      : No LoadTimeWeaver setup: ignoring JPA class transformer
2025-11-22T23:44:38.060+01:00  INFO 42660 --- [           main] org.hibernate.orm.connections.pooling    : HHH10001005: Database info:
	Database JDBC URL [Connecting through datasource 'HikariDataSource (HikariPool-1)']
	Database driver: undefined/unknown
	Database version: 2.7.3
	Autocommit mode: undefined/unknown
	Isolation level: undefined/unknown
	Minimum pool size: undefined/unknown
	Maximum pool size: undefined/unknown
2025-11-22T23:44:39.136+01:00  INFO 42660 --- [           main] o.h.e.t.j.p.i.JtaPlatformInitiator       : HHH000489: No JTA platform available (set 'hibernate.transaction.jta.platform' to enable JTA platform integration)
2025-11-22T23:44:39.191+01:00  INFO 42660 --- [           main] j.LocalContainerEntityManagerFactoryBean : Initialized JPA EntityManagerFactory for persistence unit 'default'
2025-11-22T23:44:39.512+01:00  INFO 42660 --- [           main] o.s.d.j.r.query.QueryEnhancerFactory     : Hibernate is in classpath; If applicable, HQL parser will be used.
2025-11-22T23:44:41.165+01:00  INFO 42660 --- [           main] a.s.SpringSecurityOpen$$SpringCGLIB$$0   : +++ SPRING SECURITY OPEN
2025-11-22T23:44:41.598+01:00  WARN 42660 --- [           main] JpaBaseConfiguration$JpaWebConfiguration : spring.jpa.open-in-view is enabled by default. Therefore, database queries may be performed during view rendering. Explicitly configure spring.jpa.open-in-view to disable this warning
2025-11-22T23:44:42.264+01:00  WARN 42660 --- [           main] .s.s.UserDetailsServiceAutoConfiguration : 

Using generated security password: 57ddeba0-cf9d-48f6-8e2b-00042612f9e4

This generated password is for development use only. Your security configuration must be updated before running your application in production.

2025-11-22T23:44:42.278+01:00  INFO 42660 --- [           main] r$InitializeUserDetailsManagerConfigurer : Global AuthenticationManager configured with UserDetailsService bean with name inMemoryUserDetailsManager
2025-11-22T23:44:43.157+01:00  INFO 42660 --- [           main] o.s.b.t.m.w.SpringBootMockServletContext : Initializing Spring TestDispatcherServlet ''
2025-11-22T23:44:43.157+01:00  INFO 42660 --- [           main] o.s.t.web.servlet.TestDispatcherServlet  : Initializing Servlet ''
2025-11-22T23:44:43.160+01:00  INFO 42660 --- [           main] o.s.t.web.servlet.TestDispatcherServlet  : Completed initialization in 2 ms
2025-11-22T23:44:43.448+01:00  INFO 42660 --- [           main] app.controller.ActivityControllerTest    : Started ActivityControllerTest in 9.488 seconds (process running for 11.818)

MockHttpServletRequest:
      HTTP Method = POST
      Request URI = /api/activities
       Parameters = {}
          Headers = [Content-Type:"application/json;charset=UTF-8", Content-Length:"98"]
             Body = {"id":null,"year":null,"nature":null,"title":"","description":null,"webAddress":null,"personId":1}
    Session Attrs = {SPRING_SECURITY_CONTEXT=SecurityContextImpl [Authentication=UsernamePasswordAuthenticationToken [Principal=alice@example.com, Credentials=[PROTECTED], Authenticated=true, Details=null, Granted Authorities=[]]]}

Handler:
             Type = app.controller.ActivityController
           Method = app.controller.ActivityController#createActivity(ActivityDTO)

Async:
    Async started = false
     Async result = null

Resolved Exception:
             Type = org.springframework.web.bind.MethodArgumentNotValidException

ModelAndView:
        View name = null
             View = null
            Model = null

FlashMap:
       Attributes = null

MockHttpServletResponse:
           Status = 400
    Error message = null
          Headers = [Content-Type:"application/json", X-Content-Type-Options:"nosniff", X-XSS-Protection:"0", Cache-Control:"no-cache, no-store, max-age=0, must-revalidate", Pragma:"no-cache", Expires:"0", X-Frame-Options:"DENY"]
     Content type = application/json
             Body = {"year":"L'année est obligatoire","nature":"Le type est obligatoire","title":"Le titre est obligatoire"}
    Forwarded URL = null
   Redirected URL = null
          Cookies = []
]]></system-out>
    <system-err><![CDATA[Mockito is currently self-attaching to enable the inline-mock-maker. This will no longer work in future releases of the JDK. Please add Mockito as an agent to your build as described in Mockito's documentation: https://javadoc.io/doc/org.mockito/mockito-core/latest/org.mockito/org/mockito/Mockito.html#0.3
WARNING: A Java agent has been loaded dynamically (C:\Users\rasam\.m2\repository\net\bytebuddy\byte-buddy-agent\1.17.7\byte-buddy-agent-1.17.7.jar)
WARNING: If a serviceability tool is in use, please run with -XX:+EnableDynamicAgentLoading to hide this warning
WARNING: If a serviceability tool is not in use, please run with -Djdk.instrument.traceUsage for more information
WARNING: Dynamic loading of agents will be disallowed by default in a future release
]]></system-err>
  </testcase>
  <testcase name="testUpdateActivity_NotFound" classname="app.controller.ActivityControllerTest" time="0.091">
    <system-out><![CDATA[
MockHttpServletRequest:
      HTTP Method = PUT
      Request URI = /api/activities/9999
       Parameters = {}
          Headers = [Content-Type:"application/json;charset=UTF-8", Content-Length:"124"]
             Body = {"id":null,"year":2025,"nature":"EXPERIENCE","title":"Nonexistent Update","description":null,"webAddress":null,"personId":2}
    Session Attrs = {SPRING_SECURITY_CONTEXT=SecurityContextImpl [Authentication=UsernamePasswordAuthenticationToken [Principal=alice@example.com, Credentials=[PROTECTED], Authenticated=true, Details=null, Granted Authorities=[]]]}

Handler:
             Type = app.controller.ActivityController
           Method = app.controller.ActivityController#updateActivity(Long, ActivityDTO)

Async:
    Async started = false
     Async result = null

Resolved Exception:
             Type = null

ModelAndView:
        View name = null
             View = null
            Model = null

FlashMap:
       Attributes = null

MockHttpServletResponse:
           Status = 404
    Error message = null
          Headers = [X-Content-Type-Options:"nosniff", X-XSS-Protection:"0", Cache-Control:"no-cache, no-store, max-age=0, must-revalidate", Pragma:"no-cache", Expires:"0", X-Frame-Options:"DENY"]
     Content type = null
             Body = 
    Forwarded URL = null
   Redirected URL = null
          Cookies = []
]]></system-out>
  </testcase>
  <testcase name="testUpdateActivity_ShouldFail_BadRequest" classname="app.controller.ActivityControllerTest" time="0.056">
    <system-out><![CDATA[
MockHttpServletRequest:
      HTTP Method = PUT
      Request URI = /api/activities/5
       Parameters = {}
          Headers = [Content-Type:"application/json;charset=UTF-8", Content-Length:"98"]
             Body = {"id":null,"year":null,"nature":null,"title":"","description":null,"webAddress":null,"personId":3}
    Session Attrs = {SPRING_SECURITY_CONTEXT=SecurityContextImpl [Authentication=UsernamePasswordAuthenticationToken [Principal=alice@example.com, Credentials=[PROTECTED], Authenticated=true, Details=null, Granted Authorities=[]]]}

Handler:
             Type = app.controller.ActivityController
           Method = app.controller.ActivityController#updateActivity(Long, ActivityDTO)

Async:
    Async started = false
     Async result = null

Resolved Exception:
             Type = org.springframework.web.bind.MethodArgumentNotValidException

ModelAndView:
        View name = null
             View = null
            Model = null

FlashMap:
       Attributes = null

MockHttpServletResponse:
           Status = 400
    Error message = null
          Headers = [Content-Type:"application/json", X-Content-Type-Options:"nosniff", X-XSS-Protection:"0", Cache-Control:"no-cache, no-store, max-age=0, must-revalidate", Pragma:"no-cache", Expires:"0", X-Frame-Options:"DENY"]
     Content type = application/json
             Body = {"year":"L'année est obligatoire","nature":"Le type est obligatoire","title":"Le titre est obligatoire"}
    Forwarded URL = null
   Redirected URL = null
          Cookies = []
]]></system-out>
  </testcase>
  <testcase name="testGetActivityById_NotFound" classname="app.controller.ActivityControllerTest" time="0.068">
    <system-out><![CDATA[
MockHttpServletRequest:
      HTTP Method = GET
      Request URI = /api/activities/9999
       Parameters = {}
          Headers = []
             Body = null
    Session Attrs = {SPRING_SECURITY_CONTEXT=SecurityContextImpl [Authentication=UsernamePasswordAuthenticationToken [Principal=alice@example.com, Credentials=[PROTECTED], Authenticated=true, Details=null, Granted Authorities=[]]]}

Handler:
             Type = app.controller.ActivityController
           Method = app.controller.ActivityController#getActivityById(Long)

Async:
    Async started = false
     Async result = null

Resolved Exception:
             Type = null

ModelAndView:
        View name = null
             View = null
            Model = null

FlashMap:
       Attributes = null

MockHttpServletResponse:
           Status = 404
    Error message = null
          Headers = [X-Content-Type-Options:"nosniff", X-XSS-Protection:"0", Cache-Control:"no-cache, no-store, max-age=0, must-revalidate", Pragma:"no-cache", Expires:"0", X-Frame-Options:"DENY"]
     Content type = null
             Body = 
    Forwarded URL = null
   Redirected URL = null
          Cookies = []
]]></system-out>
  </testcase>
  <testcase name="testGetAllActivities" classname="app.controller.ActivityControllerTest" time="0.139">
    <system-out><![CDATA[
MockHttpServletRequest:
      HTTP Method = GET
      Request URI = /api/activities
       Parameters = {}
          Headers = [Accept:"application/json"]
             Body = null
    Session Attrs = {SPRING_SECURITY_CONTEXT=SecurityContextImpl [Authentication=UsernamePasswordAuthenticationToken [Principal=alice@example.com, Credentials=[PROTECTED], Authenticated=true, Details=null, Granted Authorities=[]]]}

Handler:
             Type = app.controller.ActivityController
           Method = app.controller.ActivityController#getAllActivities()

Async:
    Async started = false
     Async result = null

Resolved Exception:
             Type = null

ModelAndView:
        View name = null
             View = null
            Model = null

FlashMap:
       Attributes = null

MockHttpServletResponse:
           Status = 200
    Error message = null
          Headers = [Content-Type:"application/json", X-Content-Type-Options:"nosniff", X-XSS-Protection:"0", Cache-Control:"no-cache, no-store, max-age=0, must-revalidate", Pragma:"no-cache", Expires:"0", X-Frame-Options:"DENY"]
     Content type = application/json
             Body = [{"id":9,"year":2024,"nature":"PROJET","title":"Spring Boot API","description":"Développement API CVs","webAddress":null,"personId":5},{"id":10,"year":2023,"nature":"FORMATION","title":"Formation React","description":"Front-end moderne","webAddress":null,"personId":5}]
    Forwarded URL = null
   Redirected URL = null
          Cookies = []
]]></system-out>
  </testcase>
  <testcase name="testCreateActivity_Success" classname="app.controller.ActivityControllerTest" time="0.19">
    <system-out><![CDATA[
MockHttpServletRequest:
      HTTP Method = POST
      Request URI = /api/activities
       Parameters = {}
          Headers = [Content-Type:"application/json;charset=UTF-8", Content-Length:"132"]
             Body = {"id":null,"year":2025,"nature":"EXPERIENCE","title":"Stage Dev","description":"Stage en entreprise","webAddress":null,"personId":6}
    Session Attrs = {SPRING_SECURITY_CONTEXT=SecurityContextImpl [Authentication=UsernamePasswordAuthenticationToken [Principal=alice@example.com, Credentials=[PROTECTED], Authenticated=true, Details=null, Granted Authorities=[]]]}

Handler:
             Type = app.controller.ActivityController
           Method = app.controller.ActivityController#createActivity(ActivityDTO)

Async:
    Async started = false
     Async result = null

Resolved Exception:
             Type = null

ModelAndView:
        View name = null
             View = null
            Model = null

FlashMap:
       Attributes = null

MockHttpServletResponse:
           Status = 201
    Error message = null
          Headers = [Content-Type:"application/json", X-Content-Type-Options:"nosniff", X-XSS-Protection:"0", Cache-Control:"no-cache, no-store, max-age=0, must-revalidate", Pragma:"no-cache", Expires:"0", X-Frame-Options:"DENY"]
     Content type = application/json
             Body = {"id":13,"year":2025,"nature":"EXPERIENCE","title":"Stage Dev","description":"Stage en entreprise","webAddress":null,"personId":6}
    Forwarded URL = null
   Redirected URL = null
          Cookies = []
]]></system-out>
  </testcase>
  <testcase name="testDeleteActivity_NotFound" classname="app.controller.ActivityControllerTest" time="0.055">
    <system-out><![CDATA[
MockHttpServletRequest:
      HTTP Method = DELETE
      Request URI = /api/activities/9999
       Parameters = {}
          Headers = []
             Body = null
    Session Attrs = {SPRING_SECURITY_CONTEXT=SecurityContextImpl [Authentication=UsernamePasswordAuthenticationToken [Principal=alice@example.com, Credentials=[PROTECTED], Authenticated=true, Details=null, Granted Authorities=[]]]}

Handler:
             Type = app.controller.ActivityController
           Method = app.controller.ActivityController#deleteActivity(Long)

Async:
    Async started = false
     Async result = null

Resolved Exception:
             Type = null

ModelAndView:
        View name = null
             View = null
            Model = null

FlashMap:
       Attributes = null

MockHttpServletResponse:
           Status = 404
    Error message = null
          Headers = [X-Content-Type-Options:"nosniff", X-XSS-Protection:"0", Cache-Control:"no-cache, no-store, max-age=0, must-revalidate", Pragma:"no-cache", Expires:"0", X-Frame-Options:"DENY"]
     Content type = null
             Body = 
    Forwarded URL = null
   Redirected URL = null
          Cookies = []
]]></system-out>
  </testcase>
  <testcase name="testDeleteActivity_Success" classname="app.controller.ActivityControllerTest" time="0.091">
    <system-out><![CDATA[
MockHttpServletRequest:
      HTTP Method = DELETE
      Request URI = /api/activities/16
       Parameters = {}
          Headers = []
             Body = null
    Session Attrs = {SPRING_SECURITY_CONTEXT=SecurityContextImpl [Authentication=UsernamePasswordAuthenticationToken [Principal=alice@example.com, Credentials=[PROTECTED], Authenticated=true, Details=null, Granted Authorities=[]]]}

Handler:
             Type = app.controller.ActivityController
           Method = app.controller.ActivityController#deleteActivity(Long)

Async:
    Async started = false
     Async result = null

Resolved Exception:
             Type = null

ModelAndView:
        View name = null
             View = null
            Model = null

FlashMap:
       Attributes = null

MockHttpServletResponse:
           Status = 204
    Error message = null
          Headers = [X-Content-Type-Options:"nosniff", X-XSS-Protection:"0", Cache-Control:"no-cache, no-store, max-age=0, must-revalidate", Pragma:"no-cache", Expires:"0", X-Frame-Options:"DENY"]
     Content type = null
             Body = 
    Forwarded URL = null
   Redirected URL = null
          Cookies = []
]]></system-out>
  </testcase>
  <testcase name="testUpdateActivity_Success" classname="app.controller.ActivityControllerTest" time="0.06">
    <system-out><![CDATA[
MockHttpServletRequest:
      HTTP Method = PUT
      Request URI = /api/activities/18
       Parameters = {}
          Headers = [Content-Type:"application/json;charset=UTF-8", Content-Length:"140"]
             Body = {"id":null,"year":2024,"nature":"PROJET","title":"Spring Boot Advanced","description":"API + Tests avancés","webAddress":null,"personId":9}
    Session Attrs = {SPRING_SECURITY_CONTEXT=SecurityContextImpl [Authentication=UsernamePasswordAuthenticationToken [Principal=alice@example.com, Credentials=[PROTECTED], Authenticated=true, Details=null, Granted Authorities=[]]]}

Handler:
             Type = app.controller.ActivityController
           Method = app.controller.ActivityController#updateActivity(Long, ActivityDTO)

Async:
    Async started = false
     Async result = null

Resolved Exception:
             Type = null

ModelAndView:
        View name = null
             View = null
            Model = null

FlashMap:
       Attributes = null

MockHttpServletResponse:
           Status = 200
    Error message = null
          Headers = [Content-Type:"application/json", X-Content-Type-Options:"nosniff", X-XSS-Protection:"0", Cache-Control:"no-cache, no-store, max-age=0, must-revalidate", Pragma:"no-cache", Expires:"0", X-Frame-Options:"DENY"]
     Content type = application/json
             Body = {"id":18,"year":2024,"nature":"PROJET","title":"Spring Boot Advanced","description":"API + Tests avancés","webAddress":null,"personId":9}
    Forwarded URL = null
   Redirected URL = null
          Cookies = []
]]></system-out>
  </testcase>
  <testcase name="testGetActivityById_Success" classname="app.controller.ActivityControllerTest" time="0.03">
    <system-out><![CDATA[
MockHttpServletRequest:
      HTTP Method = GET
      Request URI = /api/activities/20
       Parameters = {}
          Headers = [Accept:"application/json"]
             Body = null
    Session Attrs = {SPRING_SECURITY_CONTEXT=SecurityContextImpl [Authentication=UsernamePasswordAuthenticationToken [Principal=alice@example.com, Credentials=[PROTECTED], Authenticated=true, Details=null, Granted Authorities=[]]]}

Handler:
             Type = app.controller.ActivityController
           Method = app.controller.ActivityController#getActivityById(Long)

Async:
    Async started = false
     Async result = null

Resolved Exception:
             Type = null

ModelAndView:
        View name = null
             View = null
            Model = null

FlashMap:
       Attributes = null

MockHttpServletResponse:
           Status = 200
    Error message = null
          Headers = [Content-Type:"application/json", X-Content-Type-Options:"nosniff", X-XSS-Protection:"0", Cache-Control:"no-cache, no-store, max-age=0, must-revalidate", Pragma:"no-cache", Expires:"0", X-Frame-Options:"DENY"]
     Content type = application/json
             Body = {"id":20,"year":2024,"nature":"PROJET","title":"Spring Boot API","description":"Développement API CVs","webAddress":null,"personId":10}
    Forwarded URL = null
   Redirected URL = null
          Cookies = []
]]></system-out>
  </testcase>
</testsuite>